2026-04-20 23:12:17,557 -INFO -Research started for manforce .......
2026-04-20 23:12:17,568 -INFO -Exception occured during reseacrch
2026-04-20 23:15:07,898 -INFO -Research started for manforce .......
2026-04-20 23:15:10,293 -INFO -Starting sentiment analysis
2026-04-20 23:15:10,294 -INFO -Data is founded
2026-04-20 23:15:10,295 -INFO -Starting sentiment analysis
2026-04-20 23:15:10,296 -INFO -Data is founded
2026-04-20 23:15:10,297 -INFO -Starting sentiment analysis
2026-04-20 23:15:10,297 -INFO -Data is founded
2026-04-20 23:15:10,297 -INFO -Starting sentiment analysis
2026-04-20 23:15:10,298 -INFO -Data is founded
2026-04-20 23:15:10,298 -INFO -Starting sentiment analysis
2026-04-20 23:15:10,298 -INFO -Data is founded
2026-04-20 23:15:10,300 -INFO -Starting sentiment analysis
2026-04-20 23:15:10,301 -INFO -Data is founded
2026-04-20 23:15:10,301 -INFO -Starting sentiment analysis
2026-04-20 23:15:10,301 -INFO -Data is founded
2026-04-20 23:15:10,302 -INFO -Starting sentiment analysis
2026-04-20 23:15:10,302 -INFO -Data is founded
2026-04-20 23:15:10,303 -INFO -Starting sentiment analysis
2026-04-20 23:15:10,304 -INFO -Data is founded
2026-04-20 23:15:10,304 -INFO -Starting sentiment analysis
2026-04-20 23:15:10,305 -INFO -Data is founded
2026-04-20 23:15:10,320 -INFO -Saved as data frame
2026-04-20 23:15:12,445 -INFO -SAved to excel
2026-04-20 23:18:50,943 -INFO -Research started for tencent .......
2026-04-20 23:18:53,227 -INFO -Starting sentiment analysis
2026-04-20 23:18:53,227 -INFO -Data is founded
2026-04-20 23:18:53,228 -INFO -Starting sentiment analysis
2026-04-20 23:18:53,228 -INFO -Data is founded
2026-04-20 23:18:53,228 -INFO -Starting sentiment analysis
2026-04-20 23:18:53,228 -INFO -Data is founded
2026-04-20 23:18:53,229 -INFO -Starting sentiment analysis
2026-04-20 23:18:53,229 -INFO -Data is founded
2026-04-20 23:18:53,229 -INFO -Starting sentiment analysis
2026-04-20 23:18:53,230 -INFO -Data is founded
2026-04-20 23:18:53,231 -INFO -Starting sentiment analysis
2026-04-20 23:18:53,231 -INFO -Data is founded
2026-04-20 23:18:53,232 -INFO -Starting sentiment analysis
2026-04-20 23:18:53,232 -INFO -Data is founded
2026-04-20 23:18:53,232 -INFO -Starting sentiment analysis
2026-04-20 23:18:53,233 -INFO -Data is founded
2026-04-20 23:18:53,233 -INFO -Starting sentiment analysis
2026-04-20 23:18:53,233 -INFO -Data is founded
2026-04-20 23:18:53,233 -INFO -Starting sentiment analysis
2026-04-20 23:18:53,234 -INFO -Data is founded
2026-04-20 23:18:53,244 -INFO -Saved as data frame
2026-04-20 23:18:54,552 -INFO -SAved to excel
2026-04-20 23:30:48,714 -INFO -Research started for balenciaga .......
2026-04-20 23:30:50,905 -INFO -Starting sentiment analysis
2026-04-20 23:30:50,905 -INFO -Data found
2026-04-20 23:30:50,906 -INFO -Starting sentiment analysis
2026-04-20 23:30:50,906 -INFO -Data found
2026-04-20 23:30:50,907 -INFO -Starting sentiment analysis
2026-04-20 23:30:50,907 -INFO -Data found
2026-04-20 23:30:50,907 -INFO -Starting sentiment analysis
2026-04-20 23:30:50,907 -INFO -Data found
2026-04-20 23:30:50,908 -INFO -Starting sentiment analysis
2026-04-20 23:30:50,908 -INFO -Data found
2026-04-20 23:30:50,908 -INFO -Starting sentiment analysis
2026-04-20 23:30:50,908 -INFO -Data found
2026-04-20 23:30:50,908 -INFO -Starting sentiment analysis
2026-04-20 23:30:50,909 -INFO -Data found
2026-04-20 23:30:50,909 -INFO -Starting sentiment analysis
2026-04-20 23:30:50,909 -INFO -Data found
2026-04-20 23:30:50,909 -INFO -Starting sentiment analysis
2026-04-20 23:30:50,910 -INFO -Data found
2026-04-20 23:30:50,910 -INFO -Starting sentiment analysis
2026-04-20 23:30:50,910 -INFO -Data found
2026-04-20 23:30:50,937 -INFO -Saved as data frame
2026-04-20 23:30:52,200 -INFO -Saved to excel
2026-04-20 23:32:02,665 -INFO -Research started for kajaria .......
2026-04-20 23:32:04,785 -INFO -Starting sentiment analysis
2026-04-20 23:32:04,785 -INFO -Data found
2026-04-20 23:32:04,785 -INFO -Starting sentiment analysis
2026-04-20 23:32:04,785 -INFO -Data found
2026-04-20 23:32:04,786 -INFO -Starting sentiment analysis
2026-04-20 23:32:04,786 -INFO -Data found
2026-04-20 23:32:04,787 -INFO -Starting sentiment analysis
2026-04-20 23:32:04,787 -INFO -Data found
2026-04-20 23:32:04,787 -INFO -Starting sentiment analysis
2026-04-20 23:32:04,787 -INFO -Data found
2026-04-20 23:32:04,788 -INFO -Starting sentiment analysis
2026-04-20 23:32:04,788 -INFO -Data found
2026-04-20 23:32:04,788 -INFO -Starting sentiment analysis
2026-04-20 23:32:04,788 -INFO -Data found
2026-04-20 23:32:04,789 -INFO -Starting sentiment analysis
2026-04-20 23:32:04,789 -INFO -Data found
2026-04-20 23:32:04,789 -INFO -Starting sentiment analysis
2026-04-20 23:32:04,789 -INFO -Data found
2026-04-20 23:32:04,790 -INFO -Starting sentiment analysis
2026-04-20 23:32:04,790 -INFO -Data found
2026-04-20 23:32:04,799 -INFO -Saved as data frame
2026-04-20 23:32:05,954 -INFO -Saved to excel
2026-04-20 23:34:06,541 -INFO -Research started for meta .......
2026-04-20 23:34:08,538 -INFO -Starting sentiment analysis
2026-04-20 23:34:08,539 -INFO -Starting sentiment analysis
2026-04-20 23:34:08,540 -INFO -Starting sentiment analysis
2026-04-20 23:34:08,541 -INFO -Starting sentiment analysis
2026-04-20 23:34:08,541 -INFO -Starting sentiment analysis
2026-04-20 23:34:08,542 -INFO -Starting sentiment analysis
2026-04-20 23:34:08,543 -INFO -Starting sentiment analysis
2026-04-20 23:34:08,544 -INFO -Starting sentiment analysis
2026-04-20 23:34:08,545 -INFO -Starting sentiment analysis
2026-04-20 23:34:08,546 -INFO -Starting sentiment analysis
2026-04-20 23:34:08,546 -INFO -Data found
2026-04-20 23:34:08,547 -INFO -Starting sentiment analysis
2026-04-20 23:34:08,552 -INFO -Saved as data frame
2026-04-20 23:34:09,477 -INFO -Saved to excel
2026-04-20 23:35:01,215 -INFO -Research started for Uniliver .......
2026-04-20 23:35:03,113 -INFO -Data found
2026-04-20 23:35:03,115 -INFO -Starting sentiment analysis
2026-04-20 23:35:03,118 -INFO -Saved as data frame
2026-04-20 23:35:03,927 -INFO -Saved to excel
2026-04-20 23:37:11,542 -INFO -Research started for nike .......
2026-04-20 23:37:14,392 -INFO -Data found
2026-04-20 23:37:14,393 -INFO -Starting sentiment analysis
2026-04-20 23:37:14,402 -INFO -Saved as data frame
2026-04-20 23:37:15,290 -INFO -Saved to excel
2026-04-20 23:46:29,369 -INFO -Research started for fcuk .......
2026-04-20 23:46:31,720 -INFO -Data found
2026-04-20 23:46:31,721 -INFO -Starting sentiment analysis
2026-04-20 23:46:31,744 -INFO -Saved as data frame
2026-04-20 23:46:32,959 -INFO -Saved to excel
2026-04-21 01:35:14,846 -INFO -Research started for remote add origin https://github.com/RatanMalakar/VIBE.git .......
2026-04-21 01:35:19,533 -INFO -Data found
2026-04-21 01:35:19,534 -INFO -Starting sentiment analysis
2026-04-21 01:35:19,536 -WARNING -Data not found
